  problem.cpp
gurobi_c++mdd2017.lib(LinExpr.2017.omdd) : error LNK2038: mismatch detected for '_ITERATOR_DEBUG_LEVEL': value '2' doesn't match value '0' in main.obj
gurobi_c++mdd2017.lib(LinExpr.2017.omdd) : error LNK2038: mismatch detected for 'RuntimeLibrary': value 'MDd_DynamicDebug' doesn't match value 'MD_DynamicRelease' in main.obj
gurobi_c++mdd2017.lib(Env.2017.omdd) : error LNK2038: mismatch detected for '_ITERATOR_DEBUG_LEVEL': value '2' doesn't match value '0' in main.obj
gurobi_c++mdd2017.lib(Env.2017.omdd) : error LNK2038: mismatch detected for 'RuntimeLibrary': value 'MDd_DynamicDebug' doesn't match value 'MD_DynamicRelease' in main.obj
gurobi_c++mdd2017.lib(Var.2017.omdd) : error LNK2038: mismatch detected for '_ITERATOR_DEBUG_LEVEL': value '2' doesn't match value '0' in main.obj
gurobi_c++mdd2017.lib(Var.2017.omdd) : error LNK2038: mismatch detected for 'RuntimeLibrary': value 'MDd_DynamicDebug' doesn't match value 'MD_DynamicRelease' in main.obj
gurobi_c++mdd2017.lib(Model.2017.omdd) : error LNK2038: mismatch detected for '_ITERATOR_DEBUG_LEVEL': value '2' doesn't match value '0' in main.obj
gurobi_c++mdd2017.lib(Model.2017.omdd) : error LNK2038: mismatch detected for 'RuntimeLibrary': value 'MDd_DynamicDebug' doesn't match value 'MD_DynamicRelease' in main.obj
gurobi_c++mdd2017.lib(Exception.2017.omdd) : error LNK2038: mismatch detected for '_ITERATOR_DEBUG_LEVEL': value '2' doesn't match value '0' in main.obj
gurobi_c++mdd2017.lib(Exception.2017.omdd) : error LNK2038: mismatch detected for 'RuntimeLibrary': value 'MDd_DynamicDebug' doesn't match value 'MD_DynamicRelease' in main.obj
gurobi_c++mdd2017.lib(attrprivate.2017.omdd) : error LNK2038: mismatch detected for '_ITERATOR_DEBUG_LEVEL': value '2' doesn't match value '0' in main.obj
gurobi_c++mdd2017.lib(attrprivate.2017.omdd) : error LNK2038: mismatch detected for 'RuntimeLibrary': value 'MDd_DynamicDebug' doesn't match value 'MD_DynamicRelease' in main.obj
gurobi_c++mdd2017.lib(QuadExpr.2017.omdd) : error LNK2038: mismatch detected for '_ITERATOR_DEBUG_LEVEL': value '2' doesn't match value '0' in main.obj
gurobi_c++mdd2017.lib(QuadExpr.2017.omdd) : error LNK2038: mismatch detected for 'RuntimeLibrary': value 'MDd_DynamicDebug' doesn't match value 'MD_DynamicRelease' in main.obj
gurobi_c++mdd2017.lib(Constr.2017.omdd) : error LNK2038: mismatch detected for '_ITERATOR_DEBUG_LEVEL': value '2' doesn't match value '0' in main.obj
gurobi_c++mdd2017.lib(Constr.2017.omdd) : error LNK2038: mismatch detected for 'RuntimeLibrary': value 'MDd_DynamicDebug' doesn't match value 'MD_DynamicRelease' in main.obj
gurobi_c++mdd2017.lib(SOS.2017.omdd) : error LNK2038: mismatch detected for '_ITERATOR_DEBUG_LEVEL': value '2' doesn't match value '0' in main.obj
gurobi_c++mdd2017.lib(SOS.2017.omdd) : error LNK2038: mismatch detected for 'RuntimeLibrary': value 'MDd_DynamicDebug' doesn't match value 'MD_DynamicRelease' in main.obj
gurobi_c++mdd2017.lib(QConstr.2017.omdd) : error LNK2038: mismatch detected for '_ITERATOR_DEBUG_LEVEL': value '2' doesn't match value '0' in main.obj
gurobi_c++mdd2017.lib(QConstr.2017.omdd) : error LNK2038: mismatch detected for 'RuntimeLibrary': value 'MDd_DynamicDebug' doesn't match value 'MD_DynamicRelease' in main.obj
gurobi_c++mdd2017.lib(GenConstr.2017.omdd) : error LNK2038: mismatch detected for '_ITERATOR_DEBUG_LEVEL': value '2' doesn't match value '0' in main.obj
gurobi_c++mdd2017.lib(GenConstr.2017.omdd) : error LNK2038: mismatch detected for 'RuntimeLibrary': value 'MDd_DynamicDebug' doesn't match value 'MD_DynamicRelease' in main.obj
gurobi_c++mdd2017.lib(Callback.2017.omdd) : error LNK2038: mismatch detected for '_ITERATOR_DEBUG_LEVEL': value '2' doesn't match value '0' in main.obj
gurobi_c++mdd2017.lib(Callback.2017.omdd) : error LNK2038: mismatch detected for 'RuntimeLibrary': value 'MDd_DynamicDebug' doesn't match value 'MD_DynamicRelease' in main.obj
gurobi_c++mdd2017.lib(Column.2017.omdd) : error LNK2038: mismatch detected for '_ITERATOR_DEBUG_LEVEL': value '2' doesn't match value '0' in main.obj
gurobi_c++mdd2017.lib(Column.2017.omdd) : error LNK2038: mismatch detected for 'RuntimeLibrary': value 'MDd_DynamicDebug' doesn't match value 'MD_DynamicRelease' in main.obj
LINK : warning LNK4098: defaultlib 'MSVCRTD' conflicts with use of other libs; use /NODEFAULTLIB:library
gurobi_c++mdd2017.lib(Column.2017.omdd) : error LNK2001: unresolved external symbol __imp__invalid_parameter
gurobi_c++mdd2017.lib(SOS.2017.omdd) : error LNK2001: unresolved external symbol __imp__invalid_parameter
gurobi_c++mdd2017.lib(QConstr.2017.omdd) : error LNK2001: unresolved external symbol __imp__invalid_parameter
gurobi_c++mdd2017.lib(GenConstr.2017.omdd) : error LNK2001: unresolved external symbol __imp__invalid_parameter
gurobi_c++mdd2017.lib(Callback.2017.omdd) : error LNK2001: unresolved external symbol __imp__invalid_parameter
gurobi_c++mdd2017.lib(Exception.2017.omdd) : error LNK2001: unresolved external symbol __imp__invalid_parameter
gurobi_c++mdd2017.lib(attrprivate.2017.omdd) : error LNK2001: unresolved external symbol __imp__invalid_parameter
gurobi_c++mdd2017.lib(QuadExpr.2017.omdd) : error LNK2001: unresolved external symbol __imp__invalid_parameter
gurobi_c++mdd2017.lib(Constr.2017.omdd) : error LNK2001: unresolved external symbol __imp__invalid_parameter
gurobi_c++mdd2017.lib(LinExpr.2017.omdd) : error LNK2001: unresolved external symbol __imp__invalid_parameter
gurobi_c++mdd2017.lib(Env.2017.omdd) : error LNK2001: unresolved external symbol __imp__invalid_parameter
gurobi_c++mdd2017.lib(Var.2017.omdd) : error LNK2001: unresolved external symbol __imp__invalid_parameter
gurobi_c++mdd2017.lib(Model.2017.omdd) : error LNK2001: unresolved external symbol __imp__invalid_parameter
gurobi_c++mdd2017.lib(Column.2017.omdd) : error LNK2001: unresolved external symbol __imp__CrtDbgReport
gurobi_c++mdd2017.lib(SOS.2017.omdd) : error LNK2001: unresolved external symbol __imp__CrtDbgReport
gurobi_c++mdd2017.lib(QConstr.2017.omdd) : error LNK2001: unresolved external symbol __imp__CrtDbgReport
gurobi_c++mdd2017.lib(GenConstr.2017.omdd) : error LNK2001: unresolved external symbol __imp__CrtDbgReport
gurobi_c++mdd2017.lib(Callback.2017.omdd) : error LNK2001: unresolved external symbol __imp__CrtDbgReport
gurobi_c++mdd2017.lib(Exception.2017.omdd) : error LNK2001: unresolved external symbol __imp__CrtDbgReport
gurobi_c++mdd2017.lib(attrprivate.2017.omdd) : error LNK2001: unresolved external symbol __imp__CrtDbgReport
gurobi_c++mdd2017.lib(QuadExpr.2017.omdd) : error LNK2001: unresolved external symbol __imp__CrtDbgReport
gurobi_c++mdd2017.lib(Constr.2017.omdd) : error LNK2001: unresolved external symbol __imp__CrtDbgReport
gurobi_c++mdd2017.lib(LinExpr.2017.omdd) : error LNK2001: unresolved external symbol __imp__CrtDbgReport
gurobi_c++mdd2017.lib(Env.2017.omdd) : error LNK2001: unresolved external symbol __imp__CrtDbgReport
gurobi_c++mdd2017.lib(Var.2017.omdd) : error LNK2001: unresolved external symbol __imp__CrtDbgReport
gurobi_c++mdd2017.lib(Model.2017.omdd) : error LNK2001: unresolved external symbol __imp__CrtDbgReport
C:\Assginments\2024Summer\COMET\robust_optimization\x64\Release\robust_optimization.exe : fatal error LNK1120: 2 unresolved externals
